execve("./main", ["./main"], 0x7ffe8a640fc0 /* 68 vars */) = 0
brk(NULL)                               = 0x55ef29802000
arch_prctl(0x3001 /* ARCH_??? */, 0x7ffe6594a1d0) = -1 EINVAL (Invalid argument)
access("/etc/ld.so.preload", R_OK)      = -1 ENOENT (No such file or directory)
openat(AT_FDCWD, "/etc/ld.so.cache", O_RDONLY|O_CLOEXEC) = 3
fstat(3, {st_mode=S_IFREG|0644, st_size=129818, ...}) = 0
mmap(NULL, 129818, PROT_READ, MAP_PRIVATE, 3, 0) = 0x7f36fc569000
close(3)                                = 0
openat(AT_FDCWD, "/lib/x86_64-linux-gnu/libc.so.6", O_RDONLY|O_CLOEXEC) = 3
read(3, "\177ELF\2\1\1\3\0\0\0\0\0\0\0\0\3\0>\0\1\0\0\0\360\215\2\0\0\0\0\0"..., 832) = 832
pread64(3, "\6\0\0\0\4\0\0\0@\0\0\0\0\0\0\0@\0\0\0\0\0\0\0@\0\0\0\0\0\0\0"..., 784, 64) = 784
pread64(3, "\4\0\0\0\20\0\0\0\5\0\0\0GNU\0\2\0\0\300\4\0\0\0\3\0\0\0\0\0\0\0", 32, 848) = 32
pread64(3, "\4\0\0\0\24\0\0\0\3\0\0\0GNU\0~\303\347M\250B\312<j\233\242\v!0<\341"..., 68, 880) = 68
fstat(3, {st_mode=S_IFREG|0755, st_size=1995896, ...}) = 0
mmap(NULL, 8192, PROT_READ|PROT_WRITE, MAP_PRIVATE|MAP_ANONYMOUS, -1, 0) = 0x7f36fc567000
pread64(3, "\6\0\0\0\4\0\0\0@\0\0\0\0\0\0\0@\0\0\0\0\0\0\0@\0\0\0\0\0\0\0"..., 784, 64) = 784
mmap(NULL, 2004064, PROT_READ, MAP_PRIVATE|MAP_DENYWRITE, 3, 0) = 0x7f36fc37d000
mprotect(0x7f36fc3a3000, 1810432, PROT_NONE) = 0
mmap(0x7f36fc3a3000, 1495040, PROT_READ|PROT_EXEC, MAP_PRIVATE|MAP_FIXED|MAP_DENYWRITE, 3, 0x26000) = 0x7f36fc3a3000
mmap(0x7f36fc510000, 311296, PROT_READ, MAP_PRIVATE|MAP_FIXED|MAP_DENYWRITE, 3, 0x193000) = 0x7f36fc510000
mmap(0x7f36fc55d000, 24576, PROT_READ|PROT_WRITE, MAP_PRIVATE|MAP_FIXED|MAP_DENYWRITE, 3, 0x1df000) = 0x7f36fc55d000
mmap(0x7f36fc563000, 13408, PROT_READ|PROT_WRITE, MAP_PRIVATE|MAP_FIXED|MAP_ANONYMOUS, -1, 0) = 0x7f36fc563000
close(3)                                = 0
mmap(NULL, 8192, PROT_READ|PROT_WRITE, MAP_PRIVATE|MAP_ANONYMOUS, -1, 0) = 0x7f36fc37b000
arch_prctl(ARCH_SET_FS, 0x7f36fc568540) = 0
mprotect(0x7f36fc55d000, 12288, PROT_READ) = 0
mprotect(0x55ef290f2000, 4096, PROT_READ) = 0
mprotect(0x7f36fc5b7000, 4096, PROT_READ) = 0
munmap(0x7f36fc569000, 129818)          = 0
fstat(1, {st_mode=S_IFCHR|0620, st_rdev=makedev(0x88, 0), ...}) = 0
brk(NULL)                               = 0x55ef29802000
brk(0x55ef29823000)                     = 0x55ef29823000
write(1, "Hello, world\n", 13)          = 13
exit_group(0)                           = ?
+++ exited with 0 +++
